[2016-05-12 18:04:20,814] INFO [GroupCoordinator 0]: Preparing to restabilize group sik1 with old generation 7 (kafka.coordinator.GroupCoordinator)
[2016-05-12 18:04:20,828] INFO [GroupCoordinator 0]: Group sik1 generation 7 is dead and removed (kafka.coordinator.GroupCoordinator)
[2016-05-12 18:04:45,761] INFO [GroupCoordinator 0]: Preparing to restabilize group sik1 with old generation 0 (kafka.coordinator.GroupCoordinator)
[2016-05-12 18:04:45,762] INFO [GroupCoordinator 0]: Stabilized group sik1 generation 1 (kafka.coordinator.GroupCoordinator)
[2016-05-12 18:04:45,762] INFO [GroupCoordinator 0]: Preparing to restabilize group sik1 with old generation 1 (kafka.coordinator.GroupCoordinator)
[2016-05-12 18:04:45,767] INFO [GroupCoordinator 0]: Stabilized group sik1 generation 2 (kafka.coordinator.GroupCoordinator)
[2016-05-12 18:04:45,769] INFO [GroupCoordinator 0]: Assignment received from leader for group sik1 for generation 2 (kafka.coordinator.GroupCoordinator)
[2016-05-12 18:04:46,290] INFO [GroupCoordinator 0]: Preparing to restabilize group sik1 with old generation 2 (kafka.coordinator.GroupCoordinator)
[2016-05-12 18:04:48,776] INFO [GroupCoordinator 0]: Stabilized group sik1 generation 3 (kafka.coordinator.GroupCoordinator)
[2016-05-12 18:04:48,778] INFO [GroupCoordinator 0]: Assignment received from leader for group sik1 for generation 3 (kafka.coordinator.GroupCoordinator)
[2016-05-12 18:05:47,062] INFO [GroupCoordinator 0]: Preparing to restabilize group sik1 with old generation 3 (kafka.coordinator.GroupCoordinator)
[2016-05-12 18:05:48,791] INFO [GroupCoordinator 0]: Stabilized group sik1 generation 4 (kafka.coordinator.GroupCoordinator)
[2016-05-12 18:05:48,941] INFO [GroupCoordinator 0]: Assignment received from leader for group sik1 for generation 4 (kafka.coordinator.GroupCoordinator)
[2016-05-12 18:05:54,941] INFO [GroupCoordinator 0]: Preparing to restabilize group sik1 with old generation 4 (kafka.coordinator.GroupCoordinator)
[2016-05-12 18:05:54,944] INFO [GroupCoordinator 0]: Stabilized group sik1 generation 5 (kafka.coordinator.GroupCoordinator)
[2016-05-12 18:05:54,947] INFO [GroupCoordinator 0]: Assignment received from leader for group sik1 for generation 5 (kafka.coordinator.GroupCoordinator)
[2016-05-12 18:05:59,248] INFO [Group Metadata Manager on Broker 0]: Removed 0 expired offsets in 0 milliseconds. (kafka.coordinator.GroupMetadataManager)
[2016-05-12 18:07:12,331] INFO [GroupCoordinator 0]: Preparing to restabilize group sik1 with old generation 5 (kafka.coordinator.GroupCoordinator)
[2016-05-12 18:07:12,952] INFO [GroupCoordinator 0]: Stabilized group sik1 generation 6 (kafka.coordinator.GroupCoordinator)
[2016-05-12 18:07:12,954] INFO [GroupCoordinator 0]: Assignment received from leader for group sik1 for generation 6 (kafka.coordinator.GroupCoordinator)
[2016-05-12 18:07:21,956] INFO [GroupCoordinator 0]: Preparing to restabilize group sik1 with old generation 6 (kafka.coordinator.GroupCoordinator)
[2016-05-12 18:07:21,957] INFO [GroupCoordinator 0]: Group sik1 generation 6 is dead and removed (kafka.coordinator.GroupCoordinator)
[2016-05-12 18:07:39,085] INFO [GroupCoordinator 0]: Preparing to restabilize group sik1 with old generation 0 (kafka.coordinator.GroupCoordinator)
[2016-05-12 18:07:39,085] INFO [GroupCoordinator 0]: Stabilized group sik1 generation 1 (kafka.coordinator.GroupCoordinator)
[2016-05-12 18:07:39,085] INFO [GroupCoordinator 0]: Preparing to restabilize group sik1 with old generation 1 (kafka.coordinator.GroupCoordinator)
[2016-05-12 18:07:39,094] INFO [GroupCoordinator 0]: Stabilized group sik1 generation 2 (kafka.coordinator.GroupCoordinator)
[2016-05-12 18:07:39,096] INFO [GroupCoordinator 0]: Assignment received from leader for group sik1 for generation 2 (kafka.coordinator.GroupCoordinator)
[2016-05-12 18:07:39,619] INFO [GroupCoordinator 0]: Preparing to restabilize group sik1 with old generation 2 (kafka.coordinator.GroupCoordinator)
[2016-05-12 18:07:42,104] INFO [GroupCoordinator 0]: Stabilized group sik1 generation 3 (kafka.coordinator.GroupCoordinator)
[2016-05-12 18:07:42,106] INFO [GroupCoordinator 0]: Assignment received from leader for group sik1 for generation 3 (kafka.coordinator.GroupCoordinator)
[2016-05-12 18:07:44,267] INFO [GroupCoordinator 0]: Preparing to restabilize group sik1 with old generation 3 (kafka.coordinator.GroupCoordinator)
[2016-05-12 18:07:45,110] INFO [GroupCoordinator 0]: Stabilized group sik1 generation 4 (kafka.coordinator.GroupCoordinator)
[2016-05-12 18:07:45,122] INFO [GroupCoordinator 0]: Assignment received from leader for group sik1 for generation 4 (kafka.coordinator.GroupCoordinator)
[2016-05-12 18:07:51,122] INFO [GroupCoordinator 0]: Preparing to restabilize group sik1 with old generation 4 (kafka.coordinator.GroupCoordinator)
[2016-05-12 18:07:51,129] INFO [GroupCoordinator 0]: Stabilized group sik1 generation 5 (kafka.coordinator.GroupCoordinator)
[2016-05-12 18:07:51,131] INFO [GroupCoordinator 0]: Assignment received from leader for group sik1 for generation 5 (kafka.coordinator.GroupCoordinator)
[2016-05-12 18:11:28,983] INFO Rolled new log segment for 'romero-0' in 6 ms. (kafka.log.Log)
[2016-05-12 18:11:28,983] INFO Scheduling log segment 5 for log romero-0 for deletion. (kafka.log.Log)
[2016-05-12 18:12:28,983] INFO Deleting segment 5 from log romero-0. (kafka.log.Log)
[2016-05-12 18:12:28,984] INFO Deleting index /usr/local/kafka/kafka_2.11-0.9.0.1/kafka-logs/romero-0/00000000000000000005.index.deleted (kafka.log.OffsetIndex)
[2016-05-12 18:12:45,229] INFO [GroupCoordinator 0]: Preparing to restabilize group sik1 with old generation 5 (kafka.coordinator.GroupCoordinator)
[2016-05-12 18:12:48,149] INFO [GroupCoordinator 0]: Stabilized group sik1 generation 6 (kafka.coordinator.GroupCoordinator)
[2016-05-12 18:12:48,154] INFO [GroupCoordinator 0]: Assignment received from leader for group sik1 for generation 6 (kafka.coordinator.GroupCoordinator)
[2016-05-12 18:14:06,163] INFO [GroupCoordinator 0]: Preparing to restabilize group sik1 with old generation 6 (kafka.coordinator.GroupCoordinator)
[2016-05-12 18:14:06,165] INFO [GroupCoordinator 0]: Group sik1 generation 6 is dead and removed (kafka.coordinator.GroupCoordinator)
[2016-05-12 18:15:59,249] INFO [Group Metadata Manager on Broker 0]: Removed 0 expired offsets in 0 milliseconds. (kafka.coordinator.GroupMetadataManager)
[2016-05-12 18:18:12,724] INFO [GroupCoordinator 0]: Preparing to restabilize group sik1 with old generation 0 (kafka.coordinator.GroupCoordinator)
[2016-05-12 18:18:12,724] INFO [GroupCoordinator 0]: Stabilized group sik1 generation 1 (kafka.coordinator.GroupCoordinator)
[2016-05-12 18:18:12,726] INFO [GroupCoordinator 0]: Preparing to restabilize group sik1 with old generation 1 (kafka.coordinator.GroupCoordinator)
[2016-05-12 18:18:12,735] INFO [GroupCoordinator 0]: Stabilized group sik1 generation 2 (kafka.coordinator.GroupCoordinator)
[2016-05-12 18:18:12,739] INFO [GroupCoordinator 0]: Assignment received from leader for group sik1 for generation 2 (kafka.coordinator.GroupCoordinator)
[2016-05-12 18:18:13,258] INFO [GroupCoordinator 0]: Preparing to restabilize group sik1 with old generation 2 (kafka.coordinator.GroupCoordinator)
[2016-05-12 18:18:15,757] INFO [GroupCoordinator 0]: Stabilized group sik1 generation 3 (kafka.coordinator.GroupCoordinator)
[2016-05-12 18:18:15,759] INFO [GroupCoordinator 0]: Assignment received from leader for group sik1 for generation 3 (kafka.coordinator.GroupCoordinator)
[2016-05-12 18:18:27,269] INFO [GroupCoordinator 0]: Preparing to restabilize group sik1 with old generation 3 (kafka.coordinator.GroupCoordinator)
[2016-05-12 18:18:27,763] INFO [GroupCoordinator 0]: Stabilized group sik1 generation 4 (kafka.coordinator.GroupCoordinator)
[2016-05-12 18:18:27,802] INFO [GroupCoordinator 0]: Assignment received from leader for group sik1 for generation 4 (kafka.coordinator.GroupCoordinator)
[2016-05-12 18:18:33,804] INFO [GroupCoordinator 0]: Preparing to restabilize group sik1 with old generation 4 (kafka.coordinator.GroupCoordinator)
[2016-05-12 18:18:33,806] INFO [GroupCoordinator 0]: Stabilized group sik1 generation 5 (kafka.coordinator.GroupCoordinator)
[2016-05-12 18:18:33,808] INFO [GroupCoordinator 0]: Assignment received from leader for group sik1 for generation 5 (kafka.coordinator.GroupCoordinator)
[2016-05-12 18:23:27,979] INFO [GroupCoordinator 0]: Preparing to restabilize group sik1 with old generation 5 (kafka.coordinator.GroupCoordinator)
[2016-05-12 18:23:30,837] INFO [GroupCoordinator 0]: Stabilized group sik1 generation 6 (kafka.coordinator.GroupCoordinator)
[2016-05-12 18:23:30,840] INFO [GroupCoordinator 0]: Assignment received from leader for group sik1 for generation 6 (kafka.coordinator.GroupCoordinator)
[2016-05-12 18:24:03,846] INFO [GroupCoordinator 0]: Preparing to restabilize group sik1 with old generation 6 (kafka.coordinator.GroupCoordinator)
[2016-05-12 18:24:03,849] INFO [GroupCoordinator 0]: Group sik1 generation 6 is dead and removed (kafka.coordinator.GroupCoordinator)
