[2016-05-12 16:07:28,957] TRACE Controller 0 epoch 1 changed partition [partitionedTopic,3] state from NonExistentPartition to NewPartition with assigned replicas 0 (state.change.logger)
[2016-05-12 16:07:28,958] TRACE Controller 0 epoch 1 changed partition [partitionedTopic,2] state from NonExistentPartition to NewPartition with assigned replicas 0 (state.change.logger)
[2016-05-12 16:07:28,958] TRACE Controller 0 epoch 1 changed partition [partitionedTopic,1] state from NonExistentPartition to NewPartition with assigned replicas 0 (state.change.logger)
[2016-05-12 16:07:28,958] TRACE Controller 0 epoch 1 changed partition [partitionedTopic,0] state from NonExistentPartition to NewPartition with assigned replicas 0 (state.change.logger)
[2016-05-12 16:07:28,958] TRACE Controller 0 epoch 1 changed state of replica 0 for partition [partitionedTopic,3] from NonExistentReplica to NewReplica (state.change.logger)
[2016-05-12 16:07:28,959] TRACE Controller 0 epoch 1 changed state of replica 0 for partition [partitionedTopic,2] from NonExistentReplica to NewReplica (state.change.logger)
[2016-05-12 16:07:28,959] TRACE Controller 0 epoch 1 changed state of replica 0 for partition [partitionedTopic,1] from NonExistentReplica to NewReplica (state.change.logger)
[2016-05-12 16:07:28,959] TRACE Controller 0 epoch 1 changed state of replica 0 for partition [partitionedTopic,0] from NonExistentReplica to NewReplica (state.change.logger)
[2016-05-12 16:07:28,963] TRACE Controller 0 epoch 1 changed partition [partitionedTopic,3] from NewPartition to OnlinePartition with leader 0 (state.change.logger)
[2016-05-12 16:07:28,965] TRACE Controller 0 epoch 1 changed partition [partitionedTopic,2] from NewPartition to OnlinePartition with leader 0 (state.change.logger)
[2016-05-12 16:07:28,970] TRACE Controller 0 epoch 1 changed partition [partitionedTopic,1] from NewPartition to OnlinePartition with leader 0 (state.change.logger)
[2016-05-12 16:07:28,972] TRACE Controller 0 epoch 1 changed partition [partitionedTopic,0] from NewPartition to OnlinePartition with leader 0 (state.change.logger)
[2016-05-12 16:07:28,972] TRACE Controller 0 epoch 1 sending become-leader LeaderAndIsr request (Leader:0,ISR:0,LeaderEpoch:0,ControllerEpoch:1) to broker 0 for partition [partitionedTopic,2] (state.change.logger)
[2016-05-12 16:07:28,972] TRACE Controller 0 epoch 1 sending become-leader LeaderAndIsr request (Leader:0,ISR:0,LeaderEpoch:0,ControllerEpoch:1) to broker 0 for partition [partitionedTopic,1] (state.change.logger)
[2016-05-12 16:07:28,972] TRACE Controller 0 epoch 1 sending become-leader LeaderAndIsr request (Leader:0,ISR:0,LeaderEpoch:0,ControllerEpoch:1) to broker 0 for partition [partitionedTopic,0] (state.change.logger)
[2016-05-12 16:07:28,972] TRACE Controller 0 epoch 1 sending become-leader LeaderAndIsr request (Leader:0,ISR:0,LeaderEpoch:0,ControllerEpoch:1) to broker 0 for partition [partitionedTopic,3] (state.change.logger)
[2016-05-12 16:07:28,972] TRACE Controller 0 epoch 1 sending UpdateMetadata request (Leader:0,ISR:0,LeaderEpoch:0,ControllerEpoch:1) to broker 0 for partition partitionedTopic-2 (state.change.logger)
[2016-05-12 16:07:28,972] TRACE Controller 0 epoch 1 sending UpdateMetadata request (Leader:0,ISR:0,LeaderEpoch:0,ControllerEpoch:1) to broker 0 for partition partitionedTopic-1 (state.change.logger)
[2016-05-12 16:07:28,972] TRACE Controller 0 epoch 1 sending UpdateMetadata request (Leader:0,ISR:0,LeaderEpoch:0,ControllerEpoch:1) to broker 0 for partition partitionedTopic-0 (state.change.logger)
[2016-05-12 16:07:28,972] TRACE Controller 0 epoch 1 sending UpdateMetadata request (Leader:0,ISR:0,LeaderEpoch:0,ControllerEpoch:1) to broker 0 for partition partitionedTopic-3 (state.change.logger)
[2016-05-12 16:07:28,972] TRACE Controller 0 epoch 1 changed state of replica 0 for partition [partitionedTopic,3] from NewReplica to OnlineReplica (state.change.logger)
[2016-05-12 16:07:28,972] TRACE Controller 0 epoch 1 changed state of replica 0 for partition [partitionedTopic,2] from NewReplica to OnlineReplica (state.change.logger)
[2016-05-12 16:07:28,972] TRACE Controller 0 epoch 1 changed state of replica 0 for partition [partitionedTopic,1] from NewReplica to OnlineReplica (state.change.logger)
[2016-05-12 16:07:28,972] TRACE Controller 0 epoch 1 changed state of replica 0 for partition [partitionedTopic,0] from NewReplica to OnlineReplica (state.change.logger)
[2016-05-12 16:07:29,275] TRACE Broker 0 received LeaderAndIsr request (LeaderAndIsrInfo:(Leader:0,ISR:0,LeaderEpoch:0,ControllerEpoch:1),ReplicationFactor:1),AllReplicas:0) correlation id 12 from controller 0 epoch 1 for partition [partitionedTopic,3] (state.change.logger)
[2016-05-12 16:07:29,275] TRACE Broker 0 received LeaderAndIsr request (LeaderAndIsrInfo:(Leader:0,ISR:0,LeaderEpoch:0,ControllerEpoch:1),ReplicationFactor:1),AllReplicas:0) correlation id 12 from controller 0 epoch 1 for partition [partitionedTopic,2] (state.change.logger)
[2016-05-12 16:07:29,275] TRACE Broker 0 received LeaderAndIsr request (LeaderAndIsrInfo:(Leader:0,ISR:0,LeaderEpoch:0,ControllerEpoch:1),ReplicationFactor:1),AllReplicas:0) correlation id 12 from controller 0 epoch 1 for partition [partitionedTopic,1] (state.change.logger)
[2016-05-12 16:07:29,275] TRACE Broker 0 received LeaderAndIsr request (LeaderAndIsrInfo:(Leader:0,ISR:0,LeaderEpoch:0,ControllerEpoch:1),ReplicationFactor:1),AllReplicas:0) correlation id 12 from controller 0 epoch 1 for partition [partitionedTopic,0] (state.change.logger)
[2016-05-12 16:07:29,277] TRACE Broker 0 handling LeaderAndIsr request correlationId 12 from controller 0 epoch 1 starting the become-leader transition for partition [partitionedTopic,1] (state.change.logger)
[2016-05-12 16:07:29,277] TRACE Broker 0 handling LeaderAndIsr request correlationId 12 from controller 0 epoch 1 starting the become-leader transition for partition [partitionedTopic,2] (state.change.logger)
[2016-05-12 16:07:29,277] TRACE Broker 0 handling LeaderAndIsr request correlationId 12 from controller 0 epoch 1 starting the become-leader transition for partition [partitionedTopic,3] (state.change.logger)
[2016-05-12 16:07:29,277] TRACE Broker 0 handling LeaderAndIsr request correlationId 12 from controller 0 epoch 1 starting the become-leader transition for partition [partitionedTopic,0] (state.change.logger)
[2016-05-12 16:07:29,299] TRACE Broker 0 stopped fetchers as part of become-leader request from controller 0 epoch 1 with correlation id 12 for partition [partitionedTopic,1] (state.change.logger)
[2016-05-12 16:07:29,299] TRACE Broker 0 stopped fetchers as part of become-leader request from controller 0 epoch 1 with correlation id 12 for partition [partitionedTopic,0] (state.change.logger)
[2016-05-12 16:07:29,299] TRACE Broker 0 stopped fetchers as part of become-leader request from controller 0 epoch 1 with correlation id 12 for partition [partitionedTopic,3] (state.change.logger)
[2016-05-12 16:07:29,299] TRACE Broker 0 stopped fetchers as part of become-leader request from controller 0 epoch 1 with correlation id 12 for partition [partitionedTopic,2] (state.change.logger)
[2016-05-12 16:07:29,299] TRACE Broker 0 completed LeaderAndIsr request correlationId 12 from controller 0 epoch 1 for the become-leader transition for partition [partitionedTopic,1] (state.change.logger)
[2016-05-12 16:07:29,299] TRACE Broker 0 completed LeaderAndIsr request correlationId 12 from controller 0 epoch 1 for the become-leader transition for partition [partitionedTopic,2] (state.change.logger)
[2016-05-12 16:07:29,299] TRACE Broker 0 completed LeaderAndIsr request correlationId 12 from controller 0 epoch 1 for the become-leader transition for partition [partitionedTopic,3] (state.change.logger)
[2016-05-12 16:07:29,299] TRACE Broker 0 completed LeaderAndIsr request correlationId 12 from controller 0 epoch 1 for the become-leader transition for partition [partitionedTopic,0] (state.change.logger)
[2016-05-12 16:07:29,300] TRACE Controller 0 epoch 1 received response {error_code=0,partitions=[{topic=partitionedTopic,partition=3,error_code=0},{topic=partitionedTopic,partition=2,error_code=0},{topic=partitionedTopic,partition=1,error_code=0},{topic=partitionedTopic,partition=0,error_code=0}]} for a request sent to broker Node(0, 0.0.0.0, 9092) (state.change.logger)
[2016-05-12 16:07:29,301] TRACE Broker 0 cached leader info (LeaderAndIsrInfo:(Leader:0,ISR:0,LeaderEpoch:0,ControllerEpoch:1),ReplicationFactor:1),AllReplicas:0) for partition [partitionedTopic,3] in response to UpdateMetadata request sent by controller 0 epoch 1 with correlation id 13 (state.change.logger)
[2016-05-12 16:07:29,301] TRACE Broker 0 cached leader info (LeaderAndIsrInfo:(Leader:0,ISR:0,LeaderEpoch:0,ControllerEpoch:1),ReplicationFactor:1),AllReplicas:0) for partition [partitionedTopic,2] in response to UpdateMetadata request sent by controller 0 epoch 1 with correlation id 13 (state.change.logger)
[2016-05-12 16:07:29,301] TRACE Broker 0 cached leader info (LeaderAndIsrInfo:(Leader:0,ISR:0,LeaderEpoch:0,ControllerEpoch:1),ReplicationFactor:1),AllReplicas:0) for partition [partitionedTopic,1] in response to UpdateMetadata request sent by controller 0 epoch 1 with correlation id 13 (state.change.logger)
[2016-05-12 16:07:29,301] TRACE Broker 0 cached leader info (LeaderAndIsrInfo:(Leader:0,ISR:0,LeaderEpoch:0,ControllerEpoch:1),ReplicationFactor:1),AllReplicas:0) for partition [partitionedTopic,0] in response to UpdateMetadata request sent by controller 0 epoch 1 with correlation id 13 (state.change.logger)
[2016-05-12 16:07:29,301] TRACE Controller 0 epoch 1 received response {error_code=0} for a request sent to broker Node(0, 0.0.0.0, 9092) (state.change.logger)
[2016-05-12 16:14:42,436] TRACE Controller 0 epoch 1 changed partition [partitionedTopic-1,0] state from NonExistentPartition to NewPartition with assigned replicas 0 (state.change.logger)
[2016-05-12 16:14:42,438] TRACE Controller 0 epoch 1 changed state of replica 0 for partition [partitionedTopic-1,0] from NonExistentReplica to NewReplica (state.change.logger)
[2016-05-12 16:14:42,442] TRACE Controller 0 epoch 1 changed partition [partitionedTopic-1,0] from NewPartition to OnlinePartition with leader 0 (state.change.logger)
[2016-05-12 16:14:42,443] TRACE Controller 0 epoch 1 sending become-leader LeaderAndIsr request (Leader:0,ISR:0,LeaderEpoch:0,ControllerEpoch:1) to broker 0 for partition [partitionedTopic-1,0] (state.change.logger)
[2016-05-12 16:14:42,446] TRACE Controller 0 epoch 1 sending UpdateMetadata request (Leader:0,ISR:0,LeaderEpoch:0,ControllerEpoch:1) to broker 0 for partition partitionedTopic-1-0 (state.change.logger)
[2016-05-12 16:14:42,446] TRACE Controller 0 epoch 1 changed state of replica 0 for partition [partitionedTopic-1,0] from NewReplica to OnlineReplica (state.change.logger)
[2016-05-12 16:14:42,447] TRACE Broker 0 received LeaderAndIsr request (LeaderAndIsrInfo:(Leader:0,ISR:0,LeaderEpoch:0,ControllerEpoch:1),ReplicationFactor:1),AllReplicas:0) correlation id 14 from controller 0 epoch 1 for partition [partitionedTopic-1,0] (state.change.logger)
[2016-05-12 16:14:42,447] TRACE Broker 0 handling LeaderAndIsr request correlationId 14 from controller 0 epoch 1 starting the become-leader transition for partition [partitionedTopic-1,0] (state.change.logger)
[2016-05-12 16:14:42,455] TRACE Broker 0 stopped fetchers as part of become-leader request from controller 0 epoch 1 with correlation id 14 for partition [partitionedTopic-1,0] (state.change.logger)
[2016-05-12 16:14:42,455] TRACE Broker 0 completed LeaderAndIsr request correlationId 14 from controller 0 epoch 1 for the become-leader transition for partition [partitionedTopic-1,0] (state.change.logger)
[2016-05-12 16:14:42,456] TRACE Controller 0 epoch 1 received response {error_code=0,partitions=[{topic=partitionedTopic-1,partition=0,error_code=0}]} for a request sent to broker Node(0, 0.0.0.0, 9092) (state.change.logger)
[2016-05-12 16:14:42,456] TRACE Broker 0 cached leader info (LeaderAndIsrInfo:(Leader:0,ISR:0,LeaderEpoch:0,ControllerEpoch:1),ReplicationFactor:1),AllReplicas:0) for partition [partitionedTopic-1,0] in response to UpdateMetadata request sent by controller 0 epoch 1 with correlation id 15 (state.change.logger)
[2016-05-12 16:14:42,456] TRACE Controller 0 epoch 1 received response {error_code=0} for a request sent to broker Node(0, 0.0.0.0, 9092) (state.change.logger)
[2016-05-12 16:18:17,307] TRACE Controller 0 epoch 1 changed partition [partitionedTopic-0,0] state from NonExistentPartition to NewPartition with assigned replicas 0 (state.change.logger)
[2016-05-12 16:18:17,308] TRACE Controller 0 epoch 1 changed state of replica 0 for partition [partitionedTopic-0,0] from NonExistentReplica to NewReplica (state.change.logger)
[2016-05-12 16:18:17,313] TRACE Controller 0 epoch 1 changed partition [partitionedTopic-0,0] from NewPartition to OnlinePartition with leader 0 (state.change.logger)
[2016-05-12 16:18:17,313] TRACE Controller 0 epoch 1 sending become-leader LeaderAndIsr request (Leader:0,ISR:0,LeaderEpoch:0,ControllerEpoch:1) to broker 0 for partition [partitionedTopic-0,0] (state.change.logger)
[2016-05-12 16:18:17,313] TRACE Controller 0 epoch 1 sending UpdateMetadata request (Leader:0,ISR:0,LeaderEpoch:0,ControllerEpoch:1) to broker 0 for partition partitionedTopic-0-0 (state.change.logger)
[2016-05-12 16:18:17,313] TRACE Controller 0 epoch 1 changed state of replica 0 for partition [partitionedTopic-0,0] from NewReplica to OnlineReplica (state.change.logger)
[2016-05-12 16:18:17,313] TRACE Broker 0 received LeaderAndIsr request (LeaderAndIsrInfo:(Leader:0,ISR:0,LeaderEpoch:0,ControllerEpoch:1),ReplicationFactor:1),AllReplicas:0) correlation id 16 from controller 0 epoch 1 for partition [partitionedTopic-0,0] (state.change.logger)
[2016-05-12 16:18:17,314] TRACE Broker 0 handling LeaderAndIsr request correlationId 16 from controller 0 epoch 1 starting the become-leader transition for partition [partitionedTopic-0,0] (state.change.logger)
[2016-05-12 16:18:17,323] TRACE Broker 0 stopped fetchers as part of become-leader request from controller 0 epoch 1 with correlation id 16 for partition [partitionedTopic-0,0] (state.change.logger)
[2016-05-12 16:18:17,323] TRACE Broker 0 completed LeaderAndIsr request correlationId 16 from controller 0 epoch 1 for the become-leader transition for partition [partitionedTopic-0,0] (state.change.logger)
[2016-05-12 16:18:17,324] TRACE Controller 0 epoch 1 received response {error_code=0,partitions=[{topic=partitionedTopic-0,partition=0,error_code=0}]} for a request sent to broker Node(0, 0.0.0.0, 9092) (state.change.logger)
[2016-05-12 16:18:17,324] TRACE Broker 0 cached leader info (LeaderAndIsrInfo:(Leader:0,ISR:0,LeaderEpoch:0,ControllerEpoch:1),ReplicationFactor:1),AllReplicas:0) for partition [partitionedTopic-0,0] in response to UpdateMetadata request sent by controller 0 epoch 1 with correlation id 17 (state.change.logger)
[2016-05-12 16:18:17,325] TRACE Controller 0 epoch 1 received response {error_code=0} for a request sent to broker Node(0, 0.0.0.0, 9092) (state.change.logger)
